生成启动时间为 2016/5/16 13:47:22。
     1>项目“C:\Users\bo-jwolf\Desktop\cocos2d-x-2.2.6\projects\graduation\proj.win32\graduation.vcxproj”在节点 2 上(Build 个目标)。
     1>PreLinkEvent:
         if not exist "C:\Users\bo-jwolf\Desktop\cocos2d-x-2.2.6\projects\graduation\proj.win32\Debug.win32\" mkdir "C:\Users\bo-jwolf\Desktop\cocos2d-x-2.2.6\projects\graduation\proj.win32\Debug.win32\"
         xcopy /Y /Q "C:\Users\bo-jwolf\Desktop\cocos2d-x-2.2.6\projects\graduation\proj.win32\..\..\..\external\libwebsockets\win32\lib\*.*" "C:\Users\bo-jwolf\Desktop\cocos2d-x-2.2.6\projects\graduation\proj.win32\Debug.win32\"
         :VCEnd
         复制了 2 个文件
       Link:
         E:\Program Files (x86)\Microsoft Visual Studio 11.0\VC\bin\link.exe /ERRORREPORT:PROMPT /OUT:"C:\Users\bo-jwolf\Desktop\cocos2d-x-2.2.6\projects\graduation\proj.win32\Debug.win32\graduation.exe" /INCREMENTAL /NOLOGO /LIBPATH:"C:\Users\bo-jwolf\Desktop\cocos2d-x-2.2.6\projects\graduation\proj.win32\Debug.win32\\" libExtensions.lib libcocos2d.lib libCocosDenshion.lib opengl32.lib glew32.lib libBox2d.lib libchipmunk.lib libcurl_imp.lib pthreadVCE2.lib websockets.lib kernel32.lib user32.lib gdi32.lib winspool.lib comdlg32.lib advapi32.lib shell32.lib ole32.lib oleaut32.lib uuid.lib odbc32.lib odbccp32.lib /MANIFEST /MANIFESTUAC:"level='asInvoker' uiAccess='false'" /manifest:embed /DEBUG /PDB:"C:\Users\bo-jwolf\Desktop\cocos2d-x-2.2.6\projects\graduation\proj.win32\Debug.win32\graduation.pdb" /SUBSYSTEM:WINDOWS /TLBID:1 /DYNAMICBASE /NXCOMPAT /IMPLIB:"C:\Users\bo-jwolf\Desktop\cocos2d-x-2.2.6\projects\graduation\proj.win32\Debug.win32\graduation.lib" /MACHINE:X86 /SAFESEH Debug.win32\AchieveAdd.obj
         Debug.win32\AppDelegate.obj
         Debug.win32\Background.obj
         Debug.win32\BossBox.obj
         Debug.win32\ccb.obj
         Debug.win32\CCTexture2DMutable.obj
         Debug.win32\ChoseHero.obj
         Debug.win32\ChoseMenu.obj
         Debug.win32\ComicPlay.obj
         Debug.win32\ControlerMenu.obj
         Debug.win32\CSAnimation.obj
         Debug.win32\CSArmature.obj
         Debug.win32\CSArmatureDataManager.obj
         Debug.win32\CSBatchNode.obj
         Debug.win32\CSBone.obj
         Debug.win32\CSColliderDetector.obj
         Debug.win32\CSContentJsonDictionary.obj
         Debug.win32\CSDataReaderHelper.obj
         Debug.win32\CSDatas.obj
         Debug.win32\CSDecorativeDisplay.obj
         Debug.win32\CSDisplayFactory.obj
         Debug.win32\CSDisplayManager.obj
         Debug.win32\CSizeLayer.obj
         Debug.win32\CSPhysicsWorld.obj
         Debug.win32\CSProcessBase.obj
         Debug.win32\CSShaderNode.obj
         Debug.win32\CSSkin.obj
         Debug.win32\CSSpriteFrameCacheHelper.obj
         Debug.win32\CSTransformHelp.obj
         Debug.win32\CSTween.obj
         Debug.win32\CSTweenFunction.obj
         Debug.win32\CSUtilMath.obj
         Debug.win32\CTiledLayer.obj
         Debug.win32\FirstLogin.obj
         Debug.win32\Flash.obj
         Debug.win32\Frontground.obj
         Debug.win32\GameBossLoading.obj
         Debug.win32\GameControler.obj
         Debug.win32\GameLoading.obj
         Debug.win32\GameLoadingMenu.obj
         Debug.win32\GameoverBtnMenu.obj
         Debug.win32\GameoverMenu.obj
         Debug.win32\GameSkillLayer.obj
         Debug.win32\GameStart.obj
         Debug.win32\GameStartMenu.obj
         Debug.win32\GetItemLayer.obj
         Debug.win32\GetPrize.obj
         "Debug.win32\GLES-Render.obj"
         Debug.win32\HelpLayer.obj
         Debug.win32\Hero.obj
         Debug.win32\HttpHandle.obj
         Debug.win32\HelloWorldScene.obj
         Debug.win32\FileCommon.obj
         Debug.win32\json_reader.obj
         Debug.win32\json_value.obj
         Debug.win32\json_writer.obj
         Debug.win32\LevelMenu.obj
         Debug.win32\LoginEDLayer.obj
         Debug.win32\LoginMenu.obj
         Debug.win32\logo.obj
         Debug.win32\MainMenu.obj
         Debug.win32\MenuLoading.obj
         Debug.win32\PauseMenu.obj
         Debug.win32\PayService.obj
         Debug.win32\ShopMenu.obj
         Debug.win32\tinystr.obj
         Debug.win32\tinyxml.obj
         Debug.win32\tinyxmlerror.obj
         Debug.win32\tinyxmlparser.obj
         Debug.win32\main.obj
         "C:\Users\bo-jwolf\Desktop\cocos2d-x-2.2.6\projects\graduation\proj.win32\Debug.win32\libcocos2d.lib"
         "C:\Users\bo-jwolf\Desktop\cocos2d-x-2.2.6\projects\graduation\proj.win32\Debug.win32\libCocosDenshion.lib"
         "C:\Users\bo-jwolf\Desktop\cocos2d-x-2.2.6\projects\graduation\proj.win32\Debug.win32\libExtensions.lib"
         "C:\Users\bo-jwolf\Desktop\cocos2d-x-2.2.6\projects\graduation\proj.win32\Debug.win32\libBox2D.lib"
         "C:\Users\bo-jwolf\Desktop\cocos2d-x-2.2.6\projects\graduation\proj.win32\Debug.win32\libchipmunk.lib"
     1>AchieveAdd.obj : warning LNK4075: 忽略“/EDITANDCONTINUE”(由于“/SAFESEH”规范)
     1>FileCommon.obj : error LNK2005: "bool __cdecl common::IsFirstTime(void)" (?IsFirstTime@common@@YA_NXZ) 已经在 AppDelegate.obj 中定义
     1>FileCommon.obj : error LNK2005: "void __cdecl common::LoadData(char const *,int &)" (?LoadData@common@@YAXPBDAAH@Z) 已经在 AppDelegate.obj 中定义
     1>FileCommon.obj : error LNK2005: "void __cdecl common::LoadData(char const *,int &,int)" (?LoadData@common@@YAXPBDAAHH@Z) 已经在 AppDelegate.obj 中定义
     1>FileCommon.obj : error LNK2005: "void __cdecl common::LoadData(char const *,class std::basic_string<char,struct std::char_traits<char>,class std::allocator<char> > &)" (?LoadData@common@@YAXPBDAAV?$basic_string@DU?$char_traits@D@std@@V?$allocator@D@2@@std@@@Z) 已经在 AppDelegate.obj 中定义
     1>FileCommon.obj : error LNK2005: "void __cdecl common::LoadData(char const *,class std::basic_string<char,struct std::char_traits<char>,class std::allocator<char> > &,int)" (?LoadData@common@@YAXPBDAAV?$basic_string@DU?$char_traits@D@std@@V?$allocator@D@2@@std@@H@Z) 已经在 AppDelegate.obj 中定义
     1>FileCommon.obj : error LNK2005: "void __cdecl common::SaveData(char const *,char const *)" (?SaveData@common@@YAXPBD0@Z) 已经在 AppDelegate.obj 中定义
     1>FileCommon.obj : error LNK2005: "void __cdecl common::SaveData(char const *,char const *,int)" (?SaveData@common@@YAXPBD0H@Z) 已经在 AppDelegate.obj 中定义
     1>FileCommon.obj : error LNK2005: "void __cdecl common::SaveData(char const *,int)" (?SaveData@common@@YAXPBDH@Z) 已经在 AppDelegate.obj 中定义
     1>FileCommon.obj : error LNK2005: "void __cdecl common::SaveData(char const *,int,int)" (?SaveData@common@@YAXPBDHH@Z) 已经在 AppDelegate.obj 中定义
     1>FileCommon.obj : error LNK2005: "void __cdecl common::SaveData(char const *,int *,int)" (?SaveData@common@@YAXPBDPAHH@Z) 已经在 AppDelegate.obj 中定义
     1>FileCommon.obj : error LNK2005: "void __cdecl common::SaveUpdate(void)" (?SaveUpdate@common@@YAXXZ) 已经在 AppDelegate.obj 中定义
     1>FileCommon.obj : error LNK2005: "class std::basic_string<char,struct std::char_traits<char>,class std::allocator<char> > __cdecl common::himiParseData(class std::basic_string<char,struct std::char_traits<char>,class std::allocator<char> > const &)" (?himiParseData@common@@YA?AV?$basic_string@DU?$char_traits@D@std@@V?$allocator@D@2@@std@@ABV23@@Z) 已经在 AppDelegate.obj 中定义
     1>FileCommon.obj : error LNK2005: "class std::basic_string<char,struct std::char_traits<char>,class std::allocator<char> > __cdecl common::himiSaveData(unsigned char const *,unsigned int)" (?himiSaveData@common@@YA?AV?$basic_string@DU?$char_traits@D@std@@V?$allocator@D@2@@std@@PBEI@Z) 已经在 AppDelegate.obj 中定义
     1>C:\Users\bo-jwolf\Desktop\cocos2d-x-2.2.6\projects\graduation\proj.win32\Debug.win32\graduation.exe : fatal error LNK1169: 找到一个或多个多重定义的符号
     1>已完成生成项目“C:\Users\bo-jwolf\Desktop\cocos2d-x-2.2.6\projects\graduation\proj.win32\graduation.vcxproj”(Build 个目标)的操作 - 失败。

生成失败。

已用时间 00:00:00.96
