E:\BAIDUYUNDOWNLOAD\COCOS2D-X横版射击类游戏《末日战士》源码下载\末日战士源码\PROJECTS\JIANSHIMAN\PROJ.WIN32\DEBUG.WIN32\VC110.PDB
E:\BAIDUYUNDOWNLOAD\COCOS2D-X横版射击类游戏《末日战士》源码下载\末日战士源码\PROJECTS\JIANSHIMAN\PROJ.WIN32\DEBUG.WIN32\HTTPHANDLE.OBJ
C:\USERS\BO-JWOLF\DESKTOP\COCOS2D-X-2.2.6\PROJECTS\GRADUATION\PROJ.WIN32\DEBUG.WIN32\GAMEOVERBTNMENU.OBJ
C:\USERS\BO-JWOLF\DESKTOP\COCOS2D-X-2.2.6\PROJECTS\GRADUATION\PROJ.WIN32\DEBUG.WIN32\GAMEOVERMENU.OBJ
C:\USERS\BO-JWOLF\DESKTOP\COCOS2D-X-2.2.6\PROJECTS\GRADUATION\PROJ.WIN32\DEBUG.WIN32\GAMESKILLLAYER.OBJ
C:\USERS\BO-JWOLF\DESKTOP\COCOS2D-X-2.2.6\PROJECTS\GRADUATION\PROJ.WIN32\DEBUG.WIN32\GAMESTART.OBJ
C:\USERS\BO-JWOLF\DESKTOP\COCOS2D-X-2.2.6\PROJECTS\GRADUATION\PROJ.WIN32\DEBUG.WIN32\GAMESTARTMENU.OBJ
C:\USERS\BO-JWOLF\DESKTOP\COCOS2D-X-2.2.6\PROJECTS\GRADUATION\PROJ.WIN32\DEBUG.WIN32\GETITEMLAYER.OBJ
C:\USERS\BO-JWOLF\DESKTOP\COCOS2D-X-2.2.6\PROJECTS\GRADUATION\PROJ.WIN32\DEBUG.WIN32\GETPRIZE.OBJ
C:\USERS\BO-JWOLF\DESKTOP\COCOS2D-X-2.2.6\PROJECTS\GRADUATION\PROJ.WIN32\DEBUG.WIN32\HELPLAYER.OBJ
C:\USERS\BO-JWOLF\DESKTOP\COCOS2D-X-2.2.6\PROJECTS\GRADUATION\PROJ.WIN32\DEBUG.WIN32\HERO.OBJ
C:\USERS\BO-JWOLF\DESKTOP\COCOS2D-X-2.2.6\PROJECTS\GRADUATION\PROJ.WIN32\DEBUG.WIN32\HTTPHANDLE.OBJ
C:\USERS\BO-JWOLF\DESKTOP\COCOS2D-X-2.2.6\PROJECTS\GRADUATION\PROJ.WIN32\DEBUG.WIN32\LEVELMENU.OBJ
C:\USERS\BO-JWOLF\DESKTOP\COCOS2D-X-2.2.6\PROJECTS\GRADUATION\PROJ.WIN32\DEBUG.WIN32\LOGINEDLAYER.OBJ
C:\USERS\BO-JWOLF\DESKTOP\COCOS2D-X-2.2.6\PROJECTS\GRADUATION\PROJ.WIN32\DEBUG.WIN32\LOGINMENU.OBJ
C:\USERS\BO-JWOLF\DESKTOP\COCOS2D-X-2.2.6\PROJECTS\GRADUATION\PROJ.WIN32\DEBUG.WIN32\LOGO.OBJ
C:\USERS\BO-JWOLF\DESKTOP\COCOS2D-X-2.2.6\PROJECTS\GRADUATION\PROJ.WIN32\DEBUG.WIN32\MAINMENU.OBJ
C:\USERS\BO-JWOLF\DESKTOP\COCOS2D-X-2.2.6\PROJECTS\GRADUATION\PROJ.WIN32\DEBUG.WIN32\MENULOADING.OBJ
C:\USERS\BO-JWOLF\DESKTOP\COCOS2D-X-2.2.6\PROJECTS\GRADUATION\PROJ.WIN32\DEBUG.WIN32\PAUSEMENU.OBJ
C:\USERS\BO-JWOLF\DESKTOP\COCOS2D-X-2.2.6\PROJECTS\GRADUATION\PROJ.WIN32\DEBUG.WIN32\PAYSERVICE.OBJ
C:\USERS\BO-JWOLF\DESKTOP\COCOS2D-X-2.2.6\PROJECTS\GRADUATION\PROJ.WIN32\DEBUG.WIN32\SHOPMENU.OBJ
C:\USERS\BO-JWOLF\DESKTOP\COCOS2D-X-2.2.6\PROJECTS\GRADUATION\PROJ.WIN32\DEBUG.WIN32\MAIN.OBJ
C:\USERS\BO-JWOLF\DESKTOP\COCOS2D-X-2.2.6\PROJECTS\GRADUATION\PROJ.WIN32\DEBUG.WIN32\CSTWEEN.OBJ
C:\USERS\BO-JWOLF\DESKTOP\COCOS2D-X-2.2.6\PROJECTS\GRADUATION\PROJ.WIN32\DEBUG.WIN32\CSTWEENFUNCTION.OBJ
C:\USERS\BO-JWOLF\DESKTOP\COCOS2D-X-2.2.6\PROJECTS\GRADUATION\PROJ.WIN32\DEBUG.WIN32\CSUTILMATH.OBJ
C:\USERS\BO-JWOLF\DESKTOP\COCOS2D-X-2.2.6\PROJECTS\GRADUATION\PROJ.WIN32\DEBUG.WIN32\GLES-RENDER.OBJ
C:\USERS\BO-JWOLF\DESKTOP\COCOS2D-X-2.2.6\PROJECTS\GRADUATION\PROJ.WIN32\DEBUG.WIN32\JSON_READER.OBJ
C:\USERS\BO-JWOLF\DESKTOP\COCOS2D-X-2.2.6\PROJECTS\GRADUATION\PROJ.WIN32\DEBUG.WIN32\JSON_VALUE.OBJ
C:\USERS\BO-JWOLF\DESKTOP\COCOS2D-X-2.2.6\PROJECTS\GRADUATION\PROJ.WIN32\DEBUG.WIN32\JSON_WRITER.OBJ
C:\USERS\BO-JWOLF\DESKTOP\COCOS2D-X-2.2.6\PROJECTS\GRADUATION\PROJ.WIN32\DEBUG.WIN32\TINYSTR.OBJ
C:\USERS\BO-JWOLF\DESKTOP\COCOS2D-X-2.2.6\PROJECTS\GRADUATION\PROJ.WIN32\DEBUG.WIN32\TINYXML.OBJ
C:\USERS\BO-JWOLF\DESKTOP\COCOS2D-X-2.2.6\PROJECTS\GRADUATION\PROJ.WIN32\DEBUG.WIN32\TINYXMLERROR.OBJ
C:\USERS\BO-JWOLF\DESKTOP\COCOS2D-X-2.2.6\PROJECTS\GRADUATION\PROJ.WIN32\DEBUG.WIN32\TINYXMLPARSER.OBJ
C:\USERS\BO-JWOLF\DESKTOP\COCOS2D-X-2.2.6\PROJECTS\GRADUATION\PROJ.WIN32\DEBUG.WIN32\CSIZELAYER.OBJ
C:\USERS\BO-JWOLF\DESKTOP\COCOS2D-X-2.2.6\PROJECTS\GRADUATION\PROJ.WIN32\DEBUG.WIN32\CTILEDLAYER.OBJ
C:\USERS\BO-JWOLF\DESKTOP\COCOS2D-X-2.2.6\PROJECTS\GRADUATION\PROJ.WIN32\DEBUG.WIN32\FIRSTLOGIN.OBJ
C:\USERS\BO-JWOLF\DESKTOP\COCOS2D-X-2.2.6\PROJECTS\GRADUATION\PROJ.WIN32\DEBUG.WIN32\FLASH.OBJ
C:\USERS\BO-JWOLF\DESKTOP\COCOS2D-X-2.2.6\PROJECTS\GRADUATION\PROJ.WIN32\DEBUG.WIN32\FRONTGROUND.OBJ
C:\USERS\BO-JWOLF\DESKTOP\COCOS2D-X-2.2.6\PROJECTS\GRADUATION\PROJ.WIN32\DEBUG.WIN32\GAMEBOSSLOADING.OBJ
C:\USERS\BO-JWOLF\DESKTOP\COCOS2D-X-2.2.6\PROJECTS\GRADUATION\PROJ.WIN32\DEBUG.WIN32\GAMECONTROLER.OBJ
C:\USERS\BO-JWOLF\DESKTOP\COCOS2D-X-2.2.6\PROJECTS\GRADUATION\PROJ.WIN32\DEBUG.WIN32\GAMELOADING.OBJ
C:\USERS\BO-JWOLF\DESKTOP\COCOS2D-X-2.2.6\PROJECTS\GRADUATION\PROJ.WIN32\DEBUG.WIN32\GAMELOADINGMENU.OBJ
C:\USERS\BO-JWOLF\DESKTOP\COCOS2D-X-2.2.6\PROJECTS\GRADUATION\PROJ.WIN32\DEBUG.WIN32\CONTROLERMENU.OBJ
C:\USERS\BO-JWOLF\DESKTOP\COCOS2D-X-2.2.6\PROJECTS\GRADUATION\PROJ.WIN32\DEBUG.WIN32\CCTEXTURE2DMUTABLE.OBJ
C:\USERS\BO-JWOLF\DESKTOP\COCOS2D-X-2.2.6\PROJECTS\GRADUATION\PROJ.WIN32\DEBUG.WIN32\CSANIMATION.OBJ
C:\USERS\BO-JWOLF\DESKTOP\COCOS2D-X-2.2.6\PROJECTS\GRADUATION\PROJ.WIN32\DEBUG.WIN32\CSARMATURE.OBJ
C:\USERS\BO-JWOLF\DESKTOP\COCOS2D-X-2.2.6\PROJECTS\GRADUATION\PROJ.WIN32\DEBUG.WIN32\CSARMATUREDATAMANAGER.OBJ
C:\USERS\BO-JWOLF\DESKTOP\COCOS2D-X-2.2.6\PROJECTS\GRADUATION\PROJ.WIN32\DEBUG.WIN32\CSBATCHNODE.OBJ
C:\USERS\BO-JWOLF\DESKTOP\COCOS2D-X-2.2.6\PROJECTS\GRADUATION\PROJ.WIN32\DEBUG.WIN32\CSBONE.OBJ
C:\USERS\BO-JWOLF\DESKTOP\COCOS2D-X-2.2.6\PROJECTS\GRADUATION\PROJ.WIN32\DEBUG.WIN32\CSCOLLIDERDETECTOR.OBJ
C:\USERS\BO-JWOLF\DESKTOP\COCOS2D-X-2.2.6\PROJECTS\GRADUATION\PROJ.WIN32\DEBUG.WIN32\CSCONTENTJSONDICTIONARY.OBJ
C:\USERS\BO-JWOLF\DESKTOP\COCOS2D-X-2.2.6\PROJECTS\GRADUATION\PROJ.WIN32\DEBUG.WIN32\CSDATAREADERHELPER.OBJ
C:\USERS\BO-JWOLF\DESKTOP\COCOS2D-X-2.2.6\PROJECTS\GRADUATION\PROJ.WIN32\DEBUG.WIN32\CSDATAS.OBJ
C:\USERS\BO-JWOLF\DESKTOP\COCOS2D-X-2.2.6\PROJECTS\GRADUATION\PROJ.WIN32\DEBUG.WIN32\CSDECORATIVEDISPLAY.OBJ
C:\USERS\BO-JWOLF\DESKTOP\COCOS2D-X-2.2.6\PROJECTS\GRADUATION\PROJ.WIN32\DEBUG.WIN32\CSDISPLAYFACTORY.OBJ
C:\USERS\BO-JWOLF\DESKTOP\COCOS2D-X-2.2.6\PROJECTS\GRADUATION\PROJ.WIN32\DEBUG.WIN32\CSDISPLAYMANAGER.OBJ
C:\USERS\BO-JWOLF\DESKTOP\COCOS2D-X-2.2.6\PROJECTS\GRADUATION\PROJ.WIN32\DEBUG.WIN32\CSPHYSICSWORLD.OBJ
C:\USERS\BO-JWOLF\DESKTOP\COCOS2D-X-2.2.6\PROJECTS\GRADUATION\PROJ.WIN32\DEBUG.WIN32\CSPROCESSBASE.OBJ
C:\USERS\BO-JWOLF\DESKTOP\COCOS2D-X-2.2.6\PROJECTS\GRADUATION\PROJ.WIN32\DEBUG.WIN32\CSSHADERNODE.OBJ
C:\USERS\BO-JWOLF\DESKTOP\COCOS2D-X-2.2.6\PROJECTS\GRADUATION\PROJ.WIN32\DEBUG.WIN32\CSSKIN.OBJ
C:\USERS\BO-JWOLF\DESKTOP\COCOS2D-X-2.2.6\PROJECTS\GRADUATION\PROJ.WIN32\DEBUG.WIN32\CSSPRITEFRAMECACHEHELPER.OBJ
C:\USERS\BO-JWOLF\DESKTOP\COCOS2D-X-2.2.6\PROJECTS\GRADUATION\PROJ.WIN32\DEBUG.WIN32\CSTRANSFORMHELP.OBJ
C:\USERS\BO-JWOLF\DESKTOP\COCOS2D-X-2.2.6\PROJECTS\GRADUATION\PROJ.WIN32\DEBUG.WIN32\ACHIEVEADD.OBJ
C:\USERS\BO-JWOLF\DESKTOP\COCOS2D-X-2.2.6\PROJECTS\GRADUATION\PROJ.WIN32\DEBUG.WIN32\APPDELEGATE.OBJ
C:\USERS\BO-JWOLF\DESKTOP\COCOS2D-X-2.2.6\PROJECTS\GRADUATION\PROJ.WIN32\DEBUG.WIN32\BACKGROUND.OBJ
C:\USERS\BO-JWOLF\DESKTOP\COCOS2D-X-2.2.6\PROJECTS\GRADUATION\PROJ.WIN32\DEBUG.WIN32\BOSSBOX.OBJ
C:\USERS\BO-JWOLF\DESKTOP\COCOS2D-X-2.2.6\PROJECTS\GRADUATION\PROJ.WIN32\DEBUG.WIN32\CCB.OBJ
C:\USERS\BO-JWOLF\DESKTOP\COCOS2D-X-2.2.6\PROJECTS\GRADUATION\PROJ.WIN32\DEBUG.WIN32\CHOSEHERO.OBJ
C:\USERS\BO-JWOLF\DESKTOP\COCOS2D-X-2.2.6\PROJECTS\GRADUATION\PROJ.WIN32\DEBUG.WIN32\COMICPLAY.OBJ
C:\USERS\BO-JWOLF\DESKTOP\COCOS2D-X-2.2.6\PROJECTS\GRADUATION\PROJ.WIN32\DEBUG.WIN32\VC110.PDB
C:\USERS\BO-JWOLF\DESKTOP\COCOS2D-X-2.2.6\PROJECTS\GRADUATION\PROJ.WIN32\DEBUG.WIN32\HELLOWORLDSCENE.OBJ
C:\USERS\BO-JWOLF\DESKTOP\COCOS2D-X-2.2.6\PROJECTS\GRADUATION\PROJ.WIN32\DEBUG.WIN32\FILECOMMON.OBJ
C:\USERS\BO-JWOLF\DESKTOP\COCOS2D-X-2.2.6\PROJECTS\GRADUATION\PROJ.WIN32\DEBUG.WIN32\CHOSEMENU.OBJ
E:\BAIDUYUNDOWNLOAD\COCOS2D-X横版射击类游戏《末日战士》源码下载\末日战士源码\PROJECTS\JIANSHIMAN\PROJ.WIN32\DEBUG.WIN32\JIANSHIMAN.ILK
E:\BAIDUYUNDOWNLOAD\COCOS2D-X横版射击类游戏《末日战士》源码下载\末日战士源码\PROJECTS\JIANSHIMAN\PROJ.WIN32\DEBUG.WIN32\JIANSHIMAN.EXE
E:\BAIDUYUNDOWNLOAD\COCOS2D-X横版射击类游戏《末日战士》源码下载\末日战士源码\PROJECTS\JIANSHIMAN\PROJ.WIN32\DEBUG.WIN32\JIANSHIMAN.PDB
C:\USERS\BO-JWOLF\DESKTOP\COCOS2D-X-2.2.6\PROJECTS\GRADUATION\PROJ.WIN32\DEBUG.WIN32\JIANSHIMAN.ILK
C:\USERS\BO-JWOLF\DESKTOP\COCOS2D-X-2.2.6\PROJECTS\GRADUATION\PROJ.WIN32\DEBUG.WIN32\JIANSHIMAN.EXE
C:\USERS\BO-JWOLF\DESKTOP\COCOS2D-X-2.2.6\PROJECTS\GRADUATION\PROJ.WIN32\DEBUG.WIN32\JIANSHIMAN.PDB
C:\Users\bo-jwolf\Desktop\cocos2d-x-2.2.6\projects\graduation\proj.win32\Debug.win32\AchieveAdd.obj
C:\Users\bo-jwolf\Desktop\cocos2d-x-2.2.6\projects\graduation\proj.win32\Debug.win32\AppDelegate.obj
C:\Users\bo-jwolf\Desktop\cocos2d-x-2.2.6\projects\graduation\proj.win32\Debug.win32\Background.obj
C:\Users\bo-jwolf\Desktop\cocos2d-x-2.2.6\projects\graduation\proj.win32\Debug.win32\BossBox.obj
C:\Users\bo-jwolf\Desktop\cocos2d-x-2.2.6\projects\graduation\proj.win32\Debug.win32\ccb.obj
C:\Users\bo-jwolf\Desktop\cocos2d-x-2.2.6\projects\graduation\proj.win32\Debug.win32\CCTexture2DMutable.obj
C:\Users\bo-jwolf\Desktop\cocos2d-x-2.2.6\projects\graduation\proj.win32\Debug.win32\ChoseHero.obj
C:\Users\bo-jwolf\Desktop\cocos2d-x-2.2.6\projects\graduation\proj.win32\Debug.win32\ChoseMenu.obj
C:\Users\bo-jwolf\Desktop\cocos2d-x-2.2.6\projects\graduation\proj.win32\Debug.win32\ComicPlay.obj
C:\Users\bo-jwolf\Desktop\cocos2d-x-2.2.6\projects\graduation\proj.win32\Debug.win32\ControlerMenu.obj
C:\Users\bo-jwolf\Desktop\cocos2d-x-2.2.6\projects\graduation\proj.win32\Debug.win32\CSAnimation.obj
C:\Users\bo-jwolf\Desktop\cocos2d-x-2.2.6\projects\graduation\proj.win32\Debug.win32\CSArmature.obj
C:\Users\bo-jwolf\Desktop\cocos2d-x-2.2.6\projects\graduation\proj.win32\Debug.win32\CSArmatureDataManager.obj
C:\Users\bo-jwolf\Desktop\cocos2d-x-2.2.6\projects\graduation\proj.win32\Debug.win32\CSBatchNode.obj
C:\Users\bo-jwolf\Desktop\cocos2d-x-2.2.6\projects\graduation\proj.win32\Debug.win32\CSBone.obj
C:\Users\bo-jwolf\Desktop\cocos2d-x-2.2.6\projects\graduation\proj.win32\Debug.win32\CSColliderDetector.obj
C:\Users\bo-jwolf\Desktop\cocos2d-x-2.2.6\projects\graduation\proj.win32\Debug.win32\CSContentJsonDictionary.obj
C:\Users\bo-jwolf\Desktop\cocos2d-x-2.2.6\projects\graduation\proj.win32\Debug.win32\CSDataReaderHelper.obj
C:\Users\bo-jwolf\Desktop\cocos2d-x-2.2.6\projects\graduation\proj.win32\Debug.win32\CSDatas.obj
C:\Users\bo-jwolf\Desktop\cocos2d-x-2.2.6\projects\graduation\proj.win32\Debug.win32\CSDecorativeDisplay.obj
C:\Users\bo-jwolf\Desktop\cocos2d-x-2.2.6\projects\graduation\proj.win32\Debug.win32\CSDisplayFactory.obj
C:\Users\bo-jwolf\Desktop\cocos2d-x-2.2.6\projects\graduation\proj.win32\Debug.win32\CSDisplayManager.obj
C:\Users\bo-jwolf\Desktop\cocos2d-x-2.2.6\projects\graduation\proj.win32\Debug.win32\CSizeLayer.obj
C:\Users\bo-jwolf\Desktop\cocos2d-x-2.2.6\projects\graduation\proj.win32\Debug.win32\CSPhysicsWorld.obj
C:\Users\bo-jwolf\Desktop\cocos2d-x-2.2.6\projects\graduation\proj.win32\Debug.win32\CSProcessBase.obj
C:\Users\bo-jwolf\Desktop\cocos2d-x-2.2.6\projects\graduation\proj.win32\Debug.win32\CSShaderNode.obj
C:\Users\bo-jwolf\Desktop\cocos2d-x-2.2.6\projects\graduation\proj.win32\Debug.win32\CSSkin.obj
C:\Users\bo-jwolf\Desktop\cocos2d-x-2.2.6\projects\graduation\proj.win32\Debug.win32\CSSpriteFrameCacheHelper.obj
C:\Users\bo-jwolf\Desktop\cocos2d-x-2.2.6\projects\graduation\proj.win32\Debug.win32\CSTransformHelp.obj
C:\Users\bo-jwolf\Desktop\cocos2d-x-2.2.6\projects\graduation\proj.win32\Debug.win32\CSTween.obj
C:\Users\bo-jwolf\Desktop\cocos2d-x-2.2.6\projects\graduation\proj.win32\Debug.win32\CSTweenFunction.obj
C:\Users\bo-jwolf\Desktop\cocos2d-x-2.2.6\projects\graduation\proj.win32\Debug.win32\CSUtilMath.obj
C:\Users\bo-jwolf\Desktop\cocos2d-x-2.2.6\projects\graduation\proj.win32\Debug.win32\CTiledLayer.obj
C:\Users\bo-jwolf\Desktop\cocos2d-x-2.2.6\projects\graduation\proj.win32\Debug.win32\FileCommon.obj
C:\Users\bo-jwolf\Desktop\cocos2d-x-2.2.6\projects\graduation\proj.win32\Debug.win32\FirstLogin.obj
C:\Users\bo-jwolf\Desktop\cocos2d-x-2.2.6\projects\graduation\proj.win32\Debug.win32\Flash.obj
C:\Users\bo-jwolf\Desktop\cocos2d-x-2.2.6\projects\graduation\proj.win32\Debug.win32\Frontground.obj
C:\Users\bo-jwolf\Desktop\cocos2d-x-2.2.6\projects\graduation\proj.win32\Debug.win32\GameBossLoading.obj
C:\Users\bo-jwolf\Desktop\cocos2d-x-2.2.6\projects\graduation\proj.win32\Debug.win32\GameControler.obj
C:\Users\bo-jwolf\Desktop\cocos2d-x-2.2.6\projects\graduation\proj.win32\Debug.win32\GameLoading.obj
C:\Users\bo-jwolf\Desktop\cocos2d-x-2.2.6\projects\graduation\proj.win32\Debug.win32\GameLoadingMenu.obj
C:\Users\bo-jwolf\Desktop\cocos2d-x-2.2.6\projects\graduation\proj.win32\Debug.win32\GameoverBtnMenu.obj
C:\Users\bo-jwolf\Desktop\cocos2d-x-2.2.6\projects\graduation\proj.win32\Debug.win32\GameoverMenu.obj
C:\Users\bo-jwolf\Desktop\cocos2d-x-2.2.6\projects\graduation\proj.win32\Debug.win32\GameSkillLayer.obj
C:\Users\bo-jwolf\Desktop\cocos2d-x-2.2.6\projects\graduation\proj.win32\Debug.win32\GameStart.obj
C:\Users\bo-jwolf\Desktop\cocos2d-x-2.2.6\projects\graduation\proj.win32\Debug.win32\GameStartMenu.obj
C:\Users\bo-jwolf\Desktop\cocos2d-x-2.2.6\projects\graduation\proj.win32\Debug.win32\GetItemLayer.obj
C:\Users\bo-jwolf\Desktop\cocos2d-x-2.2.6\projects\graduation\proj.win32\Debug.win32\GetPrize.obj
C:\Users\bo-jwolf\Desktop\cocos2d-x-2.2.6\projects\graduation\proj.win32\Debug.win32\GLES-Render.obj
C:\Users\bo-jwolf\Desktop\cocos2d-x-2.2.6\projects\graduation\proj.win32\Debug.win32\HelloWorldScene.obj
C:\Users\bo-jwolf\Desktop\cocos2d-x-2.2.6\projects\graduation\proj.win32\Debug.win32\HelpLayer.obj
C:\Users\bo-jwolf\Desktop\cocos2d-x-2.2.6\projects\graduation\proj.win32\Debug.win32\Hero.obj
C:\Users\bo-jwolf\Desktop\cocos2d-x-2.2.6\projects\graduation\proj.win32\Debug.win32\HttpHandle.obj
C:\Users\bo-jwolf\Desktop\cocos2d-x-2.2.6\projects\graduation\proj.win32\Debug.win32\json_reader.obj
C:\Users\bo-jwolf\Desktop\cocos2d-x-2.2.6\projects\graduation\proj.win32\Debug.win32\json_value.obj
C:\Users\bo-jwolf\Desktop\cocos2d-x-2.2.6\projects\graduation\proj.win32\Debug.win32\json_writer.obj
C:\Users\bo-jwolf\Desktop\cocos2d-x-2.2.6\projects\graduation\proj.win32\Debug.win32\LevelMenu.obj
C:\Users\bo-jwolf\Desktop\cocos2d-x-2.2.6\projects\graduation\proj.win32\Debug.win32\LoginEDLayer.obj
C:\Users\bo-jwolf\Desktop\cocos2d-x-2.2.6\projects\graduation\proj.win32\Debug.win32\LoginMenu.obj
C:\Users\bo-jwolf\Desktop\cocos2d-x-2.2.6\projects\graduation\proj.win32\Debug.win32\logo.obj
C:\Users\bo-jwolf\Desktop\cocos2d-x-2.2.6\projects\graduation\proj.win32\Debug.win32\main.obj
C:\Users\bo-jwolf\Desktop\cocos2d-x-2.2.6\projects\graduation\proj.win32\Debug.win32\MainMenu.obj
C:\Users\bo-jwolf\Desktop\cocos2d-x-2.2.6\projects\graduation\proj.win32\Debug.win32\MenuLoading.obj
C:\Users\bo-jwolf\Desktop\cocos2d-x-2.2.6\projects\graduation\proj.win32\Debug.win32\PauseMenu.obj
C:\Users\bo-jwolf\Desktop\cocos2d-x-2.2.6\projects\graduation\proj.win32\Debug.win32\PayService.obj
C:\Users\bo-jwolf\Desktop\cocos2d-x-2.2.6\projects\graduation\proj.win32\Debug.win32\ShopMenu.obj
C:\Users\bo-jwolf\Desktop\cocos2d-x-2.2.6\projects\graduation\proj.win32\Debug.win32\tinystr.obj
C:\Users\bo-jwolf\Desktop\cocos2d-x-2.2.6\projects\graduation\proj.win32\Debug.win32\tinyxml.obj
C:\Users\bo-jwolf\Desktop\cocos2d-x-2.2.6\projects\graduation\proj.win32\Debug.win32\tinyxmlerror.obj
C:\Users\bo-jwolf\Desktop\cocos2d-x-2.2.6\projects\graduation\proj.win32\Debug.win32\tinyxmlparser.obj
C:\Users\bo-jwolf\Desktop\cocos2d-x-2.2.6\projects\graduation\proj.win32\Debug.win32\源.obj
C:\Users\bo-jwolf\Desktop\cocos2d-x-2.2.6\projects\graduation\proj.win32\Debug.win32\jianshiMan.ilk
C:\Users\bo-jwolf\Desktop\cocos2d-x-2.2.6\projects\graduation\proj.win32\Debug.win32\libExtensions.ilk
C:\Users\bo-jwolf\Desktop\cocos2d-x-2.2.6\projects\graduation\proj.win32\Debug.win32\cl.command.1.tlog
C:\Users\bo-jwolf\Desktop\cocos2d-x-2.2.6\projects\graduation\proj.win32\Debug.win32\CL.read.1.tlog
C:\Users\bo-jwolf\Desktop\cocos2d-x-2.2.6\projects\graduation\proj.win32\Debug.win32\CL.write.1.tlog
C:\Users\bo-jwolf\Desktop\cocos2d-x-2.2.6\projects\graduation\proj.win32\Debug.win32\link-cvtres.read.1.tlog
C:\Users\bo-jwolf\Desktop\cocos2d-x-2.2.6\projects\graduation\proj.win32\Debug.win32\link-cvtres.write.1.tlog
C:\Users\bo-jwolf\Desktop\cocos2d-x-2.2.6\projects\graduation\proj.win32\Debug.win32\link-rc.read.1.tlog
C:\Users\bo-jwolf\Desktop\cocos2d-x-2.2.6\projects\graduation\proj.win32\Debug.win32\link-rc.write.1.tlog
C:\Users\bo-jwolf\Desktop\cocos2d-x-2.2.6\projects\graduation\proj.win32\Debug.win32\link.10120-cvtres.read.1.tlog
C:\Users\bo-jwolf\Desktop\cocos2d-x-2.2.6\projects\graduation\proj.win32\Debug.win32\link.10120-cvtres.write.1.tlog
C:\Users\bo-jwolf\Desktop\cocos2d-x-2.2.6\projects\graduation\proj.win32\Debug.win32\link.10120-rc.read.1.tlog
C:\Users\bo-jwolf\Desktop\cocos2d-x-2.2.6\projects\graduation\proj.win32\Debug.win32\link.10120-rc.write.1.tlog
C:\Users\bo-jwolf\Desktop\cocos2d-x-2.2.6\projects\graduation\proj.win32\Debug.win32\link.10120.read.1.tlog
C:\Users\bo-jwolf\Desktop\cocos2d-x-2.2.6\projects\graduation\proj.win32\Debug.win32\link.10120.write.1.tlog
C:\Users\bo-jwolf\Desktop\cocos2d-x-2.2.6\projects\graduation\proj.win32\Debug.win32\link.10292-cvtres.read.1.tlog
C:\Users\bo-jwolf\Desktop\cocos2d-x-2.2.6\projects\graduation\proj.win32\Debug.win32\link.10292-cvtres.write.1.tlog
C:\Users\bo-jwolf\Desktop\cocos2d-x-2.2.6\projects\graduation\proj.win32\Debug.win32\link.10292-rc.read.1.tlog
C:\Users\bo-jwolf\Desktop\cocos2d-x-2.2.6\projects\graduation\proj.win32\Debug.win32\link.10292-rc.write.1.tlog
C:\Users\bo-jwolf\Desktop\cocos2d-x-2.2.6\projects\graduation\proj.win32\Debug.win32\link.10292.read.1.tlog
C:\Users\bo-jwolf\Desktop\cocos2d-x-2.2.6\projects\graduation\proj.win32\Debug.win32\link.10292.write.1.tlog
C:\Users\bo-jwolf\Desktop\cocos2d-x-2.2.6\projects\graduation\proj.win32\Debug.win32\link.10520-cvtres.read.1.tlog
C:\Users\bo-jwolf\Desktop\cocos2d-x-2.2.6\projects\graduation\proj.win32\Debug.win32\link.10520-cvtres.write.1.tlog
C:\Users\bo-jwolf\Desktop\cocos2d-x-2.2.6\projects\graduation\proj.win32\Debug.win32\link.10520-rc.read.1.tlog
C:\Users\bo-jwolf\Desktop\cocos2d-x-2.2.6\projects\graduation\proj.win32\Debug.win32\link.10520-rc.write.1.tlog
C:\Users\bo-jwolf\Desktop\cocos2d-x-2.2.6\projects\graduation\proj.win32\Debug.win32\link.10520.read.1.tlog
C:\Users\bo-jwolf\Desktop\cocos2d-x-2.2.6\projects\graduation\proj.win32\Debug.win32\link.10520.write.1.tlog
C:\Users\bo-jwolf\Desktop\cocos2d-x-2.2.6\projects\graduation\proj.win32\Debug.win32\link.11024-cvtres.read.1.tlog
C:\Users\bo-jwolf\Desktop\cocos2d-x-2.2.6\projects\graduation\proj.win32\Debug.win32\link.11024-cvtres.write.1.tlog
C:\Users\bo-jwolf\Desktop\cocos2d-x-2.2.6\projects\graduation\proj.win32\Debug.win32\link.11024-rc.read.1.tlog
C:\Users\bo-jwolf\Desktop\cocos2d-x-2.2.6\projects\graduation\proj.win32\Debug.win32\link.11024-rc.write.1.tlog
C:\Users\bo-jwolf\Desktop\cocos2d-x-2.2.6\projects\graduation\proj.win32\Debug.win32\link.11024.read.1.tlog
C:\Users\bo-jwolf\Desktop\cocos2d-x-2.2.6\projects\graduation\proj.win32\Debug.win32\link.11024.write.1.tlog
C:\Users\bo-jwolf\Desktop\cocos2d-x-2.2.6\projects\graduation\proj.win32\Debug.win32\link.11228-cvtres.read.1.tlog
C:\Users\bo-jwolf\Desktop\cocos2d-x-2.2.6\projects\graduation\proj.win32\Debug.win32\link.11228-cvtres.write.1.tlog
C:\Users\bo-jwolf\Desktop\cocos2d-x-2.2.6\projects\graduation\proj.win32\Debug.win32\link.11228-rc.read.1.tlog
C:\Users\bo-jwolf\Desktop\cocos2d-x-2.2.6\projects\graduation\proj.win32\Debug.win32\link.11228-rc.write.1.tlog
C:\Users\bo-jwolf\Desktop\cocos2d-x-2.2.6\projects\graduation\proj.win32\Debug.win32\link.11228.read.1.tlog
C:\Users\bo-jwolf\Desktop\cocos2d-x-2.2.6\projects\graduation\proj.win32\Debug.win32\link.11228.write.1.tlog
C:\Users\bo-jwolf\Desktop\cocos2d-x-2.2.6\projects\graduation\proj.win32\Debug.win32\link.11760-cvtres.read.1.tlog
C:\Users\bo-jwolf\Desktop\cocos2d-x-2.2.6\projects\graduation\proj.win32\Debug.win32\link.11760-cvtres.write.1.tlog
C:\Users\bo-jwolf\Desktop\cocos2d-x-2.2.6\projects\graduation\proj.win32\Debug.win32\link.11760-rc.read.1.tlog
C:\Users\bo-jwolf\Desktop\cocos2d-x-2.2.6\projects\graduation\proj.win32\Debug.win32\link.11760-rc.write.1.tlog
C:\Users\bo-jwolf\Desktop\cocos2d-x-2.2.6\projects\graduation\proj.win32\Debug.win32\link.11760.read.1.tlog
C:\Users\bo-jwolf\Desktop\cocos2d-x-2.2.6\projects\graduation\proj.win32\Debug.win32\link.11760.write.1.tlog
C:\Users\bo-jwolf\Desktop\cocos2d-x-2.2.6\projects\graduation\proj.win32\Debug.win32\link.11792-cvtres.read.1.tlog
C:\Users\bo-jwolf\Desktop\cocos2d-x-2.2.6\projects\graduation\proj.win32\Debug.win32\link.11792-cvtres.write.1.tlog
C:\Users\bo-jwolf\Desktop\cocos2d-x-2.2.6\projects\graduation\proj.win32\Debug.win32\link.11792-rc.read.1.tlog
C:\Users\bo-jwolf\Desktop\cocos2d-x-2.2.6\projects\graduation\proj.win32\Debug.win32\link.11792-rc.write.1.tlog
C:\Users\bo-jwolf\Desktop\cocos2d-x-2.2.6\projects\graduation\proj.win32\Debug.win32\link.11792.read.1.tlog
C:\Users\bo-jwolf\Desktop\cocos2d-x-2.2.6\projects\graduation\proj.win32\Debug.win32\link.11792.write.1.tlog
C:\Users\bo-jwolf\Desktop\cocos2d-x-2.2.6\projects\graduation\proj.win32\Debug.win32\link.11840-cvtres.read.1.tlog
C:\Users\bo-jwolf\Desktop\cocos2d-x-2.2.6\projects\graduation\proj.win32\Debug.win32\link.11840-cvtres.write.1.tlog
C:\Users\bo-jwolf\Desktop\cocos2d-x-2.2.6\projects\graduation\proj.win32\Debug.win32\link.11840-rc.read.1.tlog
C:\Users\bo-jwolf\Desktop\cocos2d-x-2.2.6\projects\graduation\proj.win32\Debug.win32\link.11840-rc.write.1.tlog
C:\Users\bo-jwolf\Desktop\cocos2d-x-2.2.6\projects\graduation\proj.win32\Debug.win32\link.11840.read.1.tlog
C:\Users\bo-jwolf\Desktop\cocos2d-x-2.2.6\projects\graduation\proj.win32\Debug.win32\link.11840.write.1.tlog
C:\Users\bo-jwolf\Desktop\cocos2d-x-2.2.6\projects\graduation\proj.win32\Debug.win32\link.12192-cvtres.read.1.tlog
C:\Users\bo-jwolf\Desktop\cocos2d-x-2.2.6\projects\graduation\proj.win32\Debug.win32\link.12192-cvtres.write.1.tlog
C:\Users\bo-jwolf\Desktop\cocos2d-x-2.2.6\projects\graduation\proj.win32\Debug.win32\link.12192-rc.read.1.tlog
C:\Users\bo-jwolf\Desktop\cocos2d-x-2.2.6\projects\graduation\proj.win32\Debug.win32\link.12192-rc.write.1.tlog
C:\Users\bo-jwolf\Desktop\cocos2d-x-2.2.6\projects\graduation\proj.win32\Debug.win32\link.12192.read.1.tlog
C:\Users\bo-jwolf\Desktop\cocos2d-x-2.2.6\projects\graduation\proj.win32\Debug.win32\link.12192.write.1.tlog
C:\Users\bo-jwolf\Desktop\cocos2d-x-2.2.6\projects\graduation\proj.win32\Debug.win32\link.13848-cvtres.read.1.tlog
C:\Users\bo-jwolf\Desktop\cocos2d-x-2.2.6\projects\graduation\proj.win32\Debug.win32\link.13848-cvtres.write.1.tlog
C:\Users\bo-jwolf\Desktop\cocos2d-x-2.2.6\projects\graduation\proj.win32\Debug.win32\link.13848-rc.read.1.tlog
C:\Users\bo-jwolf\Desktop\cocos2d-x-2.2.6\projects\graduation\proj.win32\Debug.win32\link.13848-rc.write.1.tlog
C:\Users\bo-jwolf\Desktop\cocos2d-x-2.2.6\projects\graduation\proj.win32\Debug.win32\link.13848.read.1.tlog
C:\Users\bo-jwolf\Desktop\cocos2d-x-2.2.6\projects\graduation\proj.win32\Debug.win32\link.13848.write.1.tlog
C:\Users\bo-jwolf\Desktop\cocos2d-x-2.2.6\projects\graduation\proj.win32\Debug.win32\link.14676-cvtres.read.1.tlog
C:\Users\bo-jwolf\Desktop\cocos2d-x-2.2.6\projects\graduation\proj.win32\Debug.win32\link.14676-cvtres.write.1.tlog
C:\Users\bo-jwolf\Desktop\cocos2d-x-2.2.6\projects\graduation\proj.win32\Debug.win32\link.14676-rc.read.1.tlog
C:\Users\bo-jwolf\Desktop\cocos2d-x-2.2.6\projects\graduation\proj.win32\Debug.win32\link.14676-rc.write.1.tlog
C:\Users\bo-jwolf\Desktop\cocos2d-x-2.2.6\projects\graduation\proj.win32\Debug.win32\link.14676.read.1.tlog
C:\Users\bo-jwolf\Desktop\cocos2d-x-2.2.6\projects\graduation\proj.win32\Debug.win32\link.14676.write.1.tlog
C:\Users\bo-jwolf\Desktop\cocos2d-x-2.2.6\projects\graduation\proj.win32\Debug.win32\link.1700-cvtres.read.1.tlog
C:\Users\bo-jwolf\Desktop\cocos2d-x-2.2.6\projects\graduation\proj.win32\Debug.win32\link.1700-cvtres.write.1.tlog
C:\Users\bo-jwolf\Desktop\cocos2d-x-2.2.6\projects\graduation\proj.win32\Debug.win32\link.1700-rc.read.1.tlog
C:\Users\bo-jwolf\Desktop\cocos2d-x-2.2.6\projects\graduation\proj.win32\Debug.win32\link.1700-rc.write.1.tlog
C:\Users\bo-jwolf\Desktop\cocos2d-x-2.2.6\projects\graduation\proj.win32\Debug.win32\link.1700.read.1.tlog
C:\Users\bo-jwolf\Desktop\cocos2d-x-2.2.6\projects\graduation\proj.win32\Debug.win32\link.1700.write.1.tlog
C:\Users\bo-jwolf\Desktop\cocos2d-x-2.2.6\projects\graduation\proj.win32\Debug.win32\link.17320-cvtres.read.1.tlog
C:\Users\bo-jwolf\Desktop\cocos2d-x-2.2.6\projects\graduation\proj.win32\Debug.win32\link.17320-cvtres.write.1.tlog
C:\Users\bo-jwolf\Desktop\cocos2d-x-2.2.6\projects\graduation\proj.win32\Debug.win32\link.17320-rc.read.1.tlog
C:\Users\bo-jwolf\Desktop\cocos2d-x-2.2.6\projects\graduation\proj.win32\Debug.win32\link.17320-rc.write.1.tlog
C:\Users\bo-jwolf\Desktop\cocos2d-x-2.2.6\projects\graduation\proj.win32\Debug.win32\link.17320.read.1.tlog
C:\Users\bo-jwolf\Desktop\cocos2d-x-2.2.6\projects\graduation\proj.win32\Debug.win32\link.17320.write.1.tlog
C:\Users\bo-jwolf\Desktop\cocos2d-x-2.2.6\projects\graduation\proj.win32\Debug.win32\link.17396-cvtres.read.1.tlog
C:\Users\bo-jwolf\Desktop\cocos2d-x-2.2.6\projects\graduation\proj.win32\Debug.win32\link.17396-cvtres.write.1.tlog
C:\Users\bo-jwolf\Desktop\cocos2d-x-2.2.6\projects\graduation\proj.win32\Debug.win32\link.17396-rc.read.1.tlog
C:\Users\bo-jwolf\Desktop\cocos2d-x-2.2.6\projects\graduation\proj.win32\Debug.win32\link.17396-rc.write.1.tlog
C:\Users\bo-jwolf\Desktop\cocos2d-x-2.2.6\projects\graduation\proj.win32\Debug.win32\link.17396.read.1.tlog
C:\Users\bo-jwolf\Desktop\cocos2d-x-2.2.6\projects\graduation\proj.win32\Debug.win32\link.17396.write.1.tlog
C:\Users\bo-jwolf\Desktop\cocos2d-x-2.2.6\projects\graduation\proj.win32\Debug.win32\link.2068-cvtres.read.1.tlog
C:\Users\bo-jwolf\Desktop\cocos2d-x-2.2.6\projects\graduation\proj.win32\Debug.win32\link.2068-cvtres.write.1.tlog
C:\Users\bo-jwolf\Desktop\cocos2d-x-2.2.6\projects\graduation\proj.win32\Debug.win32\link.2068-rc.read.1.tlog
C:\Users\bo-jwolf\Desktop\cocos2d-x-2.2.6\projects\graduation\proj.win32\Debug.win32\link.2068-rc.write.1.tlog
C:\Users\bo-jwolf\Desktop\cocos2d-x-2.2.6\projects\graduation\proj.win32\Debug.win32\link.2068.read.1.tlog
C:\Users\bo-jwolf\Desktop\cocos2d-x-2.2.6\projects\graduation\proj.win32\Debug.win32\link.2068.write.1.tlog
C:\Users\bo-jwolf\Desktop\cocos2d-x-2.2.6\projects\graduation\proj.win32\Debug.win32\link.2264-cvtres.read.1.tlog
C:\Users\bo-jwolf\Desktop\cocos2d-x-2.2.6\projects\graduation\proj.win32\Debug.win32\link.2264-cvtres.write.1.tlog
C:\Users\bo-jwolf\Desktop\cocos2d-x-2.2.6\projects\graduation\proj.win32\Debug.win32\link.2264-rc.read.1.tlog
C:\Users\bo-jwolf\Desktop\cocos2d-x-2.2.6\projects\graduation\proj.win32\Debug.win32\link.2264-rc.write.1.tlog
C:\Users\bo-jwolf\Desktop\cocos2d-x-2.2.6\projects\graduation\proj.win32\Debug.win32\link.2264.read.1.tlog
C:\Users\bo-jwolf\Desktop\cocos2d-x-2.2.6\projects\graduation\proj.win32\Debug.win32\link.2264.write.1.tlog
C:\Users\bo-jwolf\Desktop\cocos2d-x-2.2.6\projects\graduation\proj.win32\Debug.win32\link.2280-cvtres.read.1.tlog
C:\Users\bo-jwolf\Desktop\cocos2d-x-2.2.6\projects\graduation\proj.win32\Debug.win32\link.2280-cvtres.write.1.tlog
C:\Users\bo-jwolf\Desktop\cocos2d-x-2.2.6\projects\graduation\proj.win32\Debug.win32\link.2280-rc.read.1.tlog
C:\Users\bo-jwolf\Desktop\cocos2d-x-2.2.6\projects\graduation\proj.win32\Debug.win32\link.2280-rc.write.1.tlog
C:\Users\bo-jwolf\Desktop\cocos2d-x-2.2.6\projects\graduation\proj.win32\Debug.win32\link.2280.read.1.tlog
C:\Users\bo-jwolf\Desktop\cocos2d-x-2.2.6\projects\graduation\proj.win32\Debug.win32\link.2280.write.1.tlog
C:\Users\bo-jwolf\Desktop\cocos2d-x-2.2.6\projects\graduation\proj.win32\Debug.win32\link.23592-cvtres.read.1.tlog
C:\Users\bo-jwolf\Desktop\cocos2d-x-2.2.6\projects\graduation\proj.win32\Debug.win32\link.23592-cvtres.write.1.tlog
C:\Users\bo-jwolf\Desktop\cocos2d-x-2.2.6\projects\graduation\proj.win32\Debug.win32\link.23592-rc.read.1.tlog
C:\Users\bo-jwolf\Desktop\cocos2d-x-2.2.6\projects\graduation\proj.win32\Debug.win32\link.23592-rc.write.1.tlog
C:\Users\bo-jwolf\Desktop\cocos2d-x-2.2.6\projects\graduation\proj.win32\Debug.win32\link.23592.read.1.tlog
C:\Users\bo-jwolf\Desktop\cocos2d-x-2.2.6\projects\graduation\proj.win32\Debug.win32\link.23592.write.1.tlog
C:\Users\bo-jwolf\Desktop\cocos2d-x-2.2.6\projects\graduation\proj.win32\Debug.win32\link.23856-cvtres.read.1.tlog
C:\Users\bo-jwolf\Desktop\cocos2d-x-2.2.6\projects\graduation\proj.win32\Debug.win32\link.23856-cvtres.write.1.tlog
C:\Users\bo-jwolf\Desktop\cocos2d-x-2.2.6\projects\graduation\proj.win32\Debug.win32\link.23856-rc.read.1.tlog
C:\Users\bo-jwolf\Desktop\cocos2d-x-2.2.6\projects\graduation\proj.win32\Debug.win32\link.23856-rc.write.1.tlog
C:\Users\bo-jwolf\Desktop\cocos2d-x-2.2.6\projects\graduation\proj.win32\Debug.win32\link.23856.read.1.tlog
C:\Users\bo-jwolf\Desktop\cocos2d-x-2.2.6\projects\graduation\proj.win32\Debug.win32\link.23856.write.1.tlog
C:\Users\bo-jwolf\Desktop\cocos2d-x-2.2.6\projects\graduation\proj.win32\Debug.win32\link.27096-cvtres.read.1.tlog
C:\Users\bo-jwolf\Desktop\cocos2d-x-2.2.6\projects\graduation\proj.win32\Debug.win32\link.27096-cvtres.write.1.tlog
C:\Users\bo-jwolf\Desktop\cocos2d-x-2.2.6\projects\graduation\proj.win32\Debug.win32\link.27096-rc.read.1.tlog
C:\Users\bo-jwolf\Desktop\cocos2d-x-2.2.6\projects\graduation\proj.win32\Debug.win32\link.27096-rc.write.1.tlog
C:\Users\bo-jwolf\Desktop\cocos2d-x-2.2.6\projects\graduation\proj.win32\Debug.win32\link.27096.read.1.tlog
C:\Users\bo-jwolf\Desktop\cocos2d-x-2.2.6\projects\graduation\proj.win32\Debug.win32\link.27096.write.1.tlog
C:\Users\bo-jwolf\Desktop\cocos2d-x-2.2.6\projects\graduation\proj.win32\Debug.win32\link.27832-cvtres.read.1.tlog
C:\Users\bo-jwolf\Desktop\cocos2d-x-2.2.6\projects\graduation\proj.win32\Debug.win32\link.27832-cvtres.write.1.tlog
C:\Users\bo-jwolf\Desktop\cocos2d-x-2.2.6\projects\graduation\proj.win32\Debug.win32\link.27832-rc.read.1.tlog
C:\Users\bo-jwolf\Desktop\cocos2d-x-2.2.6\projects\graduation\proj.win32\Debug.win32\link.27832-rc.write.1.tlog
C:\Users\bo-jwolf\Desktop\cocos2d-x-2.2.6\projects\graduation\proj.win32\Debug.win32\link.27832.read.1.tlog
C:\Users\bo-jwolf\Desktop\cocos2d-x-2.2.6\projects\graduation\proj.win32\Debug.win32\link.27832.write.1.tlog
C:\Users\bo-jwolf\Desktop\cocos2d-x-2.2.6\projects\graduation\proj.win32\Debug.win32\link.28972-cvtres.read.1.tlog
C:\Users\bo-jwolf\Desktop\cocos2d-x-2.2.6\projects\graduation\proj.win32\Debug.win32\link.28972-cvtres.write.1.tlog
C:\Users\bo-jwolf\Desktop\cocos2d-x-2.2.6\projects\graduation\proj.win32\Debug.win32\link.28972-rc.read.1.tlog
C:\Users\bo-jwolf\Desktop\cocos2d-x-2.2.6\projects\graduation\proj.win32\Debug.win32\link.28972-rc.write.1.tlog
C:\Users\bo-jwolf\Desktop\cocos2d-x-2.2.6\projects\graduation\proj.win32\Debug.win32\link.28972.read.1.tlog
C:\Users\bo-jwolf\Desktop\cocos2d-x-2.2.6\projects\graduation\proj.win32\Debug.win32\link.28972.write.1.tlog
C:\Users\bo-jwolf\Desktop\cocos2d-x-2.2.6\projects\graduation\proj.win32\Debug.win32\link.29128-cvtres.read.1.tlog
C:\Users\bo-jwolf\Desktop\cocos2d-x-2.2.6\projects\graduation\proj.win32\Debug.win32\link.29128-cvtres.write.1.tlog
C:\Users\bo-jwolf\Desktop\cocos2d-x-2.2.6\projects\graduation\proj.win32\Debug.win32\link.29128-rc.read.1.tlog
C:\Users\bo-jwolf\Desktop\cocos2d-x-2.2.6\projects\graduation\proj.win32\Debug.win32\link.29128-rc.write.1.tlog
C:\Users\bo-jwolf\Desktop\cocos2d-x-2.2.6\projects\graduation\proj.win32\Debug.win32\link.29128.read.1.tlog
C:\Users\bo-jwolf\Desktop\cocos2d-x-2.2.6\projects\graduation\proj.win32\Debug.win32\link.29128.write.1.tlog
C:\Users\bo-jwolf\Desktop\cocos2d-x-2.2.6\projects\graduation\proj.win32\Debug.win32\link.3016-cvtres.read.1.tlog
C:\Users\bo-jwolf\Desktop\cocos2d-x-2.2.6\projects\graduation\proj.win32\Debug.win32\link.3016-cvtres.write.1.tlog
C:\Users\bo-jwolf\Desktop\cocos2d-x-2.2.6\projects\graduation\proj.win32\Debug.win32\link.3016-rc.read.1.tlog
C:\Users\bo-jwolf\Desktop\cocos2d-x-2.2.6\projects\graduation\proj.win32\Debug.win32\link.3016-rc.write.1.tlog
C:\Users\bo-jwolf\Desktop\cocos2d-x-2.2.6\projects\graduation\proj.win32\Debug.win32\link.3016.read.1.tlog
C:\Users\bo-jwolf\Desktop\cocos2d-x-2.2.6\projects\graduation\proj.win32\Debug.win32\link.3016.write.1.tlog
C:\Users\bo-jwolf\Desktop\cocos2d-x-2.2.6\projects\graduation\proj.win32\Debug.win32\link.30344-cvtres.read.1.tlog
C:\Users\bo-jwolf\Desktop\cocos2d-x-2.2.6\projects\graduation\proj.win32\Debug.win32\link.30344-cvtres.write.1.tlog
C:\Users\bo-jwolf\Desktop\cocos2d-x-2.2.6\projects\graduation\proj.win32\Debug.win32\link.30344-rc.read.1.tlog
C:\Users\bo-jwolf\Desktop\cocos2d-x-2.2.6\projects\graduation\proj.win32\Debug.win32\link.30344-rc.write.1.tlog
C:\Users\bo-jwolf\Desktop\cocos2d-x-2.2.6\projects\graduation\proj.win32\Debug.win32\link.30344.read.1.tlog
C:\Users\bo-jwolf\Desktop\cocos2d-x-2.2.6\projects\graduation\proj.win32\Debug.win32\link.30344.write.1.tlog
C:\Users\bo-jwolf\Desktop\cocos2d-x-2.2.6\projects\graduation\proj.win32\Debug.win32\link.3972-cvtres.read.1.tlog
C:\Users\bo-jwolf\Desktop\cocos2d-x-2.2.6\projects\graduation\proj.win32\Debug.win32\link.3972-cvtres.write.1.tlog
C:\Users\bo-jwolf\Desktop\cocos2d-x-2.2.6\projects\graduation\proj.win32\Debug.win32\link.3972-rc.read.1.tlog
C:\Users\bo-jwolf\Desktop\cocos2d-x-2.2.6\projects\graduation\proj.win32\Debug.win32\link.3972-rc.write.1.tlog
C:\Users\bo-jwolf\Desktop\cocos2d-x-2.2.6\projects\graduation\proj.win32\Debug.win32\link.3972.read.1.tlog
C:\Users\bo-jwolf\Desktop\cocos2d-x-2.2.6\projects\graduation\proj.win32\Debug.win32\link.3972.write.1.tlog
C:\Users\bo-jwolf\Desktop\cocos2d-x-2.2.6\projects\graduation\proj.win32\Debug.win32\link.4076-cvtres.read.1.tlog
C:\Users\bo-jwolf\Desktop\cocos2d-x-2.2.6\projects\graduation\proj.win32\Debug.win32\link.4076-cvtres.write.1.tlog
C:\Users\bo-jwolf\Desktop\cocos2d-x-2.2.6\projects\graduation\proj.win32\Debug.win32\link.4076-rc.read.1.tlog
C:\Users\bo-jwolf\Desktop\cocos2d-x-2.2.6\projects\graduation\proj.win32\Debug.win32\link.4076-rc.write.1.tlog
C:\Users\bo-jwolf\Desktop\cocos2d-x-2.2.6\projects\graduation\proj.win32\Debug.win32\link.4076.read.1.tlog
C:\Users\bo-jwolf\Desktop\cocos2d-x-2.2.6\projects\graduation\proj.win32\Debug.win32\link.4076.write.1.tlog
C:\Users\bo-jwolf\Desktop\cocos2d-x-2.2.6\projects\graduation\proj.win32\Debug.win32\link.4364-cvtres.read.1.tlog
C:\Users\bo-jwolf\Desktop\cocos2d-x-2.2.6\projects\graduation\proj.win32\Debug.win32\link.4364-cvtres.write.1.tlog
C:\Users\bo-jwolf\Desktop\cocos2d-x-2.2.6\projects\graduation\proj.win32\Debug.win32\link.4364-rc.read.1.tlog
C:\Users\bo-jwolf\Desktop\cocos2d-x-2.2.6\projects\graduation\proj.win32\Debug.win32\link.4364-rc.write.1.tlog
C:\Users\bo-jwolf\Desktop\cocos2d-x-2.2.6\projects\graduation\proj.win32\Debug.win32\link.4364.read.1.tlog
C:\Users\bo-jwolf\Desktop\cocos2d-x-2.2.6\projects\graduation\proj.win32\Debug.win32\link.4364.write.1.tlog
C:\Users\bo-jwolf\Desktop\cocos2d-x-2.2.6\projects\graduation\proj.win32\Debug.win32\link.4376-cvtres.read.1.tlog
C:\Users\bo-jwolf\Desktop\cocos2d-x-2.2.6\projects\graduation\proj.win32\Debug.win32\link.4376-cvtres.write.1.tlog
C:\Users\bo-jwolf\Desktop\cocos2d-x-2.2.6\projects\graduation\proj.win32\Debug.win32\link.4376-rc.read.1.tlog
C:\Users\bo-jwolf\Desktop\cocos2d-x-2.2.6\projects\graduation\proj.win32\Debug.win32\link.4376-rc.write.1.tlog
C:\Users\bo-jwolf\Desktop\cocos2d-x-2.2.6\projects\graduation\proj.win32\Debug.win32\link.4376.read.1.tlog
C:\Users\bo-jwolf\Desktop\cocos2d-x-2.2.6\projects\graduation\proj.win32\Debug.win32\link.4376.write.1.tlog
C:\Users\bo-jwolf\Desktop\cocos2d-x-2.2.6\projects\graduation\proj.win32\Debug.win32\link.4728-cvtres.read.1.tlog
C:\Users\bo-jwolf\Desktop\cocos2d-x-2.2.6\projects\graduation\proj.win32\Debug.win32\link.4728-cvtres.write.1.tlog
C:\Users\bo-jwolf\Desktop\cocos2d-x-2.2.6\projects\graduation\proj.win32\Debug.win32\link.4728-rc.read.1.tlog
C:\Users\bo-jwolf\Desktop\cocos2d-x-2.2.6\projects\graduation\proj.win32\Debug.win32\link.4728-rc.write.1.tlog
C:\Users\bo-jwolf\Desktop\cocos2d-x-2.2.6\projects\graduation\proj.win32\Debug.win32\link.4728.read.1.tlog
C:\Users\bo-jwolf\Desktop\cocos2d-x-2.2.6\projects\graduation\proj.win32\Debug.win32\link.4728.write.1.tlog
C:\Users\bo-jwolf\Desktop\cocos2d-x-2.2.6\projects\graduation\proj.win32\Debug.win32\link.6904-cvtres.read.1.tlog
C:\Users\bo-jwolf\Desktop\cocos2d-x-2.2.6\projects\graduation\proj.win32\Debug.win32\link.6904-cvtres.write.1.tlog
C:\Users\bo-jwolf\Desktop\cocos2d-x-2.2.6\projects\graduation\proj.win32\Debug.win32\link.6904-rc.read.1.tlog
C:\Users\bo-jwolf\Desktop\cocos2d-x-2.2.6\projects\graduation\proj.win32\Debug.win32\link.6904-rc.write.1.tlog
C:\Users\bo-jwolf\Desktop\cocos2d-x-2.2.6\projects\graduation\proj.win32\Debug.win32\link.6904.read.1.tlog
C:\Users\bo-jwolf\Desktop\cocos2d-x-2.2.6\projects\graduation\proj.win32\Debug.win32\link.6904.write.1.tlog
C:\Users\bo-jwolf\Desktop\cocos2d-x-2.2.6\projects\graduation\proj.win32\Debug.win32\link.7380-cvtres.read.1.tlog
C:\Users\bo-jwolf\Desktop\cocos2d-x-2.2.6\projects\graduation\proj.win32\Debug.win32\link.7380-cvtres.write.1.tlog
C:\Users\bo-jwolf\Desktop\cocos2d-x-2.2.6\projects\graduation\proj.win32\Debug.win32\link.7380-rc.read.1.tlog
C:\Users\bo-jwolf\Desktop\cocos2d-x-2.2.6\projects\graduation\proj.win32\Debug.win32\link.7380-rc.write.1.tlog
C:\Users\bo-jwolf\Desktop\cocos2d-x-2.2.6\projects\graduation\proj.win32\Debug.win32\link.7380.read.1.tlog
C:\Users\bo-jwolf\Desktop\cocos2d-x-2.2.6\projects\graduation\proj.win32\Debug.win32\link.7380.write.1.tlog
C:\Users\bo-jwolf\Desktop\cocos2d-x-2.2.6\projects\graduation\proj.win32\Debug.win32\link.7388-cvtres.read.1.tlog
C:\Users\bo-jwolf\Desktop\cocos2d-x-2.2.6\projects\graduation\proj.win32\Debug.win32\link.7388-cvtres.write.1.tlog
C:\Users\bo-jwolf\Desktop\cocos2d-x-2.2.6\projects\graduation\proj.win32\Debug.win32\link.7388-rc.read.1.tlog
C:\Users\bo-jwolf\Desktop\cocos2d-x-2.2.6\projects\graduation\proj.win32\Debug.win32\link.7388-rc.write.1.tlog
C:\Users\bo-jwolf\Desktop\cocos2d-x-2.2.6\projects\graduation\proj.win32\Debug.win32\link.7388.read.1.tlog
C:\Users\bo-jwolf\Desktop\cocos2d-x-2.2.6\projects\graduation\proj.win32\Debug.win32\link.7388.write.1.tlog
C:\Users\bo-jwolf\Desktop\cocos2d-x-2.2.6\projects\graduation\proj.win32\Debug.win32\link.7700-cvtres.read.1.tlog
C:\Users\bo-jwolf\Desktop\cocos2d-x-2.2.6\projects\graduation\proj.win32\Debug.win32\link.7700-cvtres.write.1.tlog
C:\Users\bo-jwolf\Desktop\cocos2d-x-2.2.6\projects\graduation\proj.win32\Debug.win32\link.7700-rc.read.1.tlog
C:\Users\bo-jwolf\Desktop\cocos2d-x-2.2.6\projects\graduation\proj.win32\Debug.win32\link.7700-rc.write.1.tlog
C:\Users\bo-jwolf\Desktop\cocos2d-x-2.2.6\projects\graduation\proj.win32\Debug.win32\link.7700.read.1.tlog
C:\Users\bo-jwolf\Desktop\cocos2d-x-2.2.6\projects\graduation\proj.win32\Debug.win32\link.7700.write.1.tlog
C:\Users\bo-jwolf\Desktop\cocos2d-x-2.2.6\projects\graduation\proj.win32\Debug.win32\link.7784-cvtres.read.1.tlog
C:\Users\bo-jwolf\Desktop\cocos2d-x-2.2.6\projects\graduation\proj.win32\Debug.win32\link.7784-cvtres.write.1.tlog
C:\Users\bo-jwolf\Desktop\cocos2d-x-2.2.6\projects\graduation\proj.win32\Debug.win32\link.7784-rc.read.1.tlog
C:\Users\bo-jwolf\Desktop\cocos2d-x-2.2.6\projects\graduation\proj.win32\Debug.win32\link.7784-rc.write.1.tlog
C:\Users\bo-jwolf\Desktop\cocos2d-x-2.2.6\projects\graduation\proj.win32\Debug.win32\link.7784.read.1.tlog
C:\Users\bo-jwolf\Desktop\cocos2d-x-2.2.6\projects\graduation\proj.win32\Debug.win32\link.7784.write.1.tlog
C:\Users\bo-jwolf\Desktop\cocos2d-x-2.2.6\projects\graduation\proj.win32\Debug.win32\link.8456-cvtres.read.1.tlog
C:\Users\bo-jwolf\Desktop\cocos2d-x-2.2.6\projects\graduation\proj.win32\Debug.win32\link.8456-cvtres.write.1.tlog
C:\Users\bo-jwolf\Desktop\cocos2d-x-2.2.6\projects\graduation\proj.win32\Debug.win32\link.8456-rc.read.1.tlog
C:\Users\bo-jwolf\Desktop\cocos2d-x-2.2.6\projects\graduation\proj.win32\Debug.win32\link.8456-rc.write.1.tlog
C:\Users\bo-jwolf\Desktop\cocos2d-x-2.2.6\projects\graduation\proj.win32\Debug.win32\link.8456.read.1.tlog
C:\Users\bo-jwolf\Desktop\cocos2d-x-2.2.6\projects\graduation\proj.win32\Debug.win32\link.8456.write.1.tlog
C:\Users\bo-jwolf\Desktop\cocos2d-x-2.2.6\projects\graduation\proj.win32\Debug.win32\link.8572-cvtres.read.1.tlog
C:\Users\bo-jwolf\Desktop\cocos2d-x-2.2.6\projects\graduation\proj.win32\Debug.win32\link.8572-cvtres.write.1.tlog
C:\Users\bo-jwolf\Desktop\cocos2d-x-2.2.6\projects\graduation\proj.win32\Debug.win32\link.8572-rc.read.1.tlog
C:\Users\bo-jwolf\Desktop\cocos2d-x-2.2.6\projects\graduation\proj.win32\Debug.win32\link.8572-rc.write.1.tlog
C:\Users\bo-jwolf\Desktop\cocos2d-x-2.2.6\projects\graduation\proj.win32\Debug.win32\link.8572.read.1.tlog
C:\Users\bo-jwolf\Desktop\cocos2d-x-2.2.6\projects\graduation\proj.win32\Debug.win32\link.8572.write.1.tlog
C:\Users\bo-jwolf\Desktop\cocos2d-x-2.2.6\projects\graduation\proj.win32\Debug.win32\link.8720-cvtres.read.1.tlog
C:\Users\bo-jwolf\Desktop\cocos2d-x-2.2.6\projects\graduation\proj.win32\Debug.win32\link.8720-cvtres.write.1.tlog
C:\Users\bo-jwolf\Desktop\cocos2d-x-2.2.6\projects\graduation\proj.win32\Debug.win32\link.8720-rc.read.1.tlog
C:\Users\bo-jwolf\Desktop\cocos2d-x-2.2.6\projects\graduation\proj.win32\Debug.win32\link.8720-rc.write.1.tlog
C:\Users\bo-jwolf\Desktop\cocos2d-x-2.2.6\projects\graduation\proj.win32\Debug.win32\link.8720.read.1.tlog
C:\Users\bo-jwolf\Desktop\cocos2d-x-2.2.6\projects\graduation\proj.win32\Debug.win32\link.8720.write.1.tlog
C:\Users\bo-jwolf\Desktop\cocos2d-x-2.2.6\projects\graduation\proj.win32\Debug.win32\link.8848-cvtres.read.1.tlog
C:\Users\bo-jwolf\Desktop\cocos2d-x-2.2.6\projects\graduation\proj.win32\Debug.win32\link.8848-cvtres.write.1.tlog
C:\Users\bo-jwolf\Desktop\cocos2d-x-2.2.6\projects\graduation\proj.win32\Debug.win32\link.8848-rc.read.1.tlog
C:\Users\bo-jwolf\Desktop\cocos2d-x-2.2.6\projects\graduation\proj.win32\Debug.win32\link.8848-rc.write.1.tlog
C:\Users\bo-jwolf\Desktop\cocos2d-x-2.2.6\projects\graduation\proj.win32\Debug.win32\link.8848.read.1.tlog
C:\Users\bo-jwolf\Desktop\cocos2d-x-2.2.6\projects\graduation\proj.win32\Debug.win32\link.8848.write.1.tlog
C:\Users\bo-jwolf\Desktop\cocos2d-x-2.2.6\projects\graduation\proj.win32\Debug.win32\link.9068-cvtres.read.1.tlog
C:\Users\bo-jwolf\Desktop\cocos2d-x-2.2.6\projects\graduation\proj.win32\Debug.win32\link.9068-cvtres.write.1.tlog
C:\Users\bo-jwolf\Desktop\cocos2d-x-2.2.6\projects\graduation\proj.win32\Debug.win32\link.9068-rc.read.1.tlog
C:\Users\bo-jwolf\Desktop\cocos2d-x-2.2.6\projects\graduation\proj.win32\Debug.win32\link.9068-rc.write.1.tlog
C:\Users\bo-jwolf\Desktop\cocos2d-x-2.2.6\projects\graduation\proj.win32\Debug.win32\link.9068.read.1.tlog
C:\Users\bo-jwolf\Desktop\cocos2d-x-2.2.6\projects\graduation\proj.win32\Debug.win32\link.9068.write.1.tlog
C:\Users\bo-jwolf\Desktop\cocos2d-x-2.2.6\projects\graduation\proj.win32\Debug.win32\link.9100-cvtres.read.1.tlog
C:\Users\bo-jwolf\Desktop\cocos2d-x-2.2.6\projects\graduation\proj.win32\Debug.win32\link.9100-cvtres.write.1.tlog
C:\Users\bo-jwolf\Desktop\cocos2d-x-2.2.6\projects\graduation\proj.win32\Debug.win32\link.9100-rc.read.1.tlog
C:\Users\bo-jwolf\Desktop\cocos2d-x-2.2.6\projects\graduation\proj.win32\Debug.win32\link.9100-rc.write.1.tlog
C:\Users\bo-jwolf\Desktop\cocos2d-x-2.2.6\projects\graduation\proj.win32\Debug.win32\link.9100.read.1.tlog
C:\Users\bo-jwolf\Desktop\cocos2d-x-2.2.6\projects\graduation\proj.win32\Debug.win32\link.9100.write.1.tlog
C:\Users\bo-jwolf\Desktop\cocos2d-x-2.2.6\projects\graduation\proj.win32\Debug.win32\link.9196-cvtres.read.1.tlog
C:\Users\bo-jwolf\Desktop\cocos2d-x-2.2.6\projects\graduation\proj.win32\Debug.win32\link.9196-cvtres.write.1.tlog
C:\Users\bo-jwolf\Desktop\cocos2d-x-2.2.6\projects\graduation\proj.win32\Debug.win32\link.9196-rc.read.1.tlog
C:\Users\bo-jwolf\Desktop\cocos2d-x-2.2.6\projects\graduation\proj.win32\Debug.win32\link.9196-rc.write.1.tlog
C:\Users\bo-jwolf\Desktop\cocos2d-x-2.2.6\projects\graduation\proj.win32\Debug.win32\link.9196.read.1.tlog
C:\Users\bo-jwolf\Desktop\cocos2d-x-2.2.6\projects\graduation\proj.win32\Debug.win32\link.9196.write.1.tlog
C:\Users\bo-jwolf\Desktop\cocos2d-x-2.2.6\projects\graduation\proj.win32\Debug.win32\link.9220-cvtres.read.1.tlog
C:\Users\bo-jwolf\Desktop\cocos2d-x-2.2.6\projects\graduation\proj.win32\Debug.win32\link.9220-cvtres.write.1.tlog
C:\Users\bo-jwolf\Desktop\cocos2d-x-2.2.6\projects\graduation\proj.win32\Debug.win32\link.9220-rc.read.1.tlog
C:\Users\bo-jwolf\Desktop\cocos2d-x-2.2.6\projects\graduation\proj.win32\Debug.win32\link.9220-rc.write.1.tlog
C:\Users\bo-jwolf\Desktop\cocos2d-x-2.2.6\projects\graduation\proj.win32\Debug.win32\link.9220.read.1.tlog
C:\Users\bo-jwolf\Desktop\cocos2d-x-2.2.6\projects\graduation\proj.win32\Debug.win32\link.9220.write.1.tlog
C:\Users\bo-jwolf\Desktop\cocos2d-x-2.2.6\projects\graduation\proj.win32\Debug.win32\link.9452-cvtres.read.1.tlog
C:\Users\bo-jwolf\Desktop\cocos2d-x-2.2.6\projects\graduation\proj.win32\Debug.win32\link.9452-cvtres.write.1.tlog
C:\Users\bo-jwolf\Desktop\cocos2d-x-2.2.6\projects\graduation\proj.win32\Debug.win32\link.9452-rc.read.1.tlog
C:\Users\bo-jwolf\Desktop\cocos2d-x-2.2.6\projects\graduation\proj.win32\Debug.win32\link.9452-rc.write.1.tlog
C:\Users\bo-jwolf\Desktop\cocos2d-x-2.2.6\projects\graduation\proj.win32\Debug.win32\link.9452.read.1.tlog
C:\Users\bo-jwolf\Desktop\cocos2d-x-2.2.6\projects\graduation\proj.win32\Debug.win32\link.9452.write.1.tlog
C:\Users\bo-jwolf\Desktop\cocos2d-x-2.2.6\projects\graduation\proj.win32\Debug.win32\link.9796-cvtres.read.1.tlog
C:\Users\bo-jwolf\Desktop\cocos2d-x-2.2.6\projects\graduation\proj.win32\Debug.win32\link.9796-cvtres.write.1.tlog
C:\Users\bo-jwolf\Desktop\cocos2d-x-2.2.6\projects\graduation\proj.win32\Debug.win32\link.9796-rc.read.1.tlog
C:\Users\bo-jwolf\Desktop\cocos2d-x-2.2.6\projects\graduation\proj.win32\Debug.win32\link.9796-rc.write.1.tlog
C:\Users\bo-jwolf\Desktop\cocos2d-x-2.2.6\projects\graduation\proj.win32\Debug.win32\link.9796.read.1.tlog
C:\Users\bo-jwolf\Desktop\cocos2d-x-2.2.6\projects\graduation\proj.win32\Debug.win32\link.9796.write.1.tlog
C:\Users\bo-jwolf\Desktop\cocos2d-x-2.2.6\projects\graduation\proj.win32\Debug.win32\link.command.1.tlog
C:\Users\bo-jwolf\Desktop\cocos2d-x-2.2.6\projects\graduation\proj.win32\Debug.win32\link.read.1.tlog
C:\Users\bo-jwolf\Desktop\cocos2d-x-2.2.6\projects\graduation\proj.win32\Debug.win32\link.write.1.tlog
C:\Users\bo-jwolf\Desktop\cocos2d-x-2.2.6\projects\graduation\proj.win32\Debug.win32\libcocos2d.exp
C:\Users\bo-jwolf\Desktop\cocos2d-x-2.2.6\projects\graduation\proj.win32\Debug.win32\libCocosDenshion.exp
C:\Users\bo-jwolf\Desktop\cocos2d-x-2.2.6\projects\graduation\proj.win32\Debug.win32\libExtensions.exp
C:\Users\bo-jwolf\Desktop\cocos2d-x-2.2.6\projects\graduation\proj.win32\Debug.win32\vc110.idb
C:\Users\bo-jwolf\Desktop\cocos2d-x-2.2.6\projects\graduation\proj.win32\Debug.win32\graduation.pdb
C:\Users\bo-jwolf\Desktop\cocos2d-x-2.2.6\projects\graduation\proj.win32\Debug.win32\jianshiMan.pdb
C:\Users\bo-jwolf\Desktop\cocos2d-x-2.2.6\projects\graduation\proj.win32\Debug.win32\libcocos2d.pdb
C:\Users\bo-jwolf\Desktop\cocos2d-x-2.2.6\projects\graduation\proj.win32\Debug.win32\libCocosDenshion.pdb
C:\Users\bo-jwolf\Desktop\cocos2d-x-2.2.6\projects\graduation\proj.win32\Debug.win32\libExtensions.pdb
C:\Users\bo-jwolf\Desktop\cocos2d-x-2.2.6\projects\graduation\proj.win32\Debug.win32\vc110.pdb
C:\Users\bo-jwolf\Desktop\cocos2d-x-2.2.6\projects\graduation\proj.win32\Debug.win32\UserDefault.xml
C:\Users\bo-jwolf\Desktop\cocos2d-x-2.2.6\projects\graduation\proj.win32\Debug.win32\jianshiMan.exe
